{"/home/marcos/Documents/Projects/driven/projeto-drivenpass/src/app.ts": {"path":"/home/marcos/Documents/Projects/driven/projeto-drivenpass/src/app.ts","statementMap":{"0":{"start":{"line":1,"column":0},"end":{"line":1,"column":26}},"1":{"start":{"line":2,"column":0},"end":{"line":2,"column":30}},"2":{"start":{"line":3,"column":0},"end":{"line":3,"column":43}},"3":{"start":{"line":4,"column":0},"end":{"line":4,"column":24}},"4":{"start":{"line":6,"column":0},"end":{"line":6,"column":60}},"5":{"start":{"line":8,"column":0},"end":{"line":8,"column":10}},"6":{"start":{"line":10,"column":0},"end":{"line":10,"column":56}},"7":{"start":{"line":11,"column":0},"end":{"line":11,"column":97}},"8":{"start":{"line":13,"column":12},"end":{"line":13,"column":21}},"9":{"start":{"line":14,"column":0},"end":{"line":22,"column":32}},"10":{"start":{"line":17,"column":33},"end":{"line":17,"column":48}},"11":{"start":{"line":25,"column":2},"end":{"line":25,"column":14}},"12":{"start":{"line":26,"column":2},"end":{"line":26,"column":30}},"13":{"start":{"line":24,"column":0},"end":{"line":24,"column":16}},"14":{"start":{"line":30,"column":2},"end":{"line":30,"column":23}},"15":{"start":{"line":29,"column":0},"end":{"line":29,"column":7}},"16":{"start":{"line":33,"column":0},"end":{"line":33,"column":19}}},"fnMap":{"0":{"name":"(anonymous_1)","decl":{"start":{"line":17,"column":18},"end":{"line":17,"column":19}},"loc":{"start":{"line":17,"column":33},"end":{"line":17,"column":48}}},"1":{"name":"init","decl":{"start":{"line":24,"column":16},"end":{"line":24,"column":20}},"loc":{"start":{"line":24,"column":20},"end":{"line":27,"column":1}}},"2":{"name":"close","decl":{"start":{"line":29,"column":22},"end":{"line":29,"column":27}},"loc":{"start":{"line":29,"column":27},"end":{"line":31,"column":1}}}},"branchMap":{},"s":{"0":7,"1":7,"2":7,"3":7,"4":7,"5":7,"6":7,"7":7,"8":7,"9":7,"10":1,"11":7,"12":7,"13":7,"14":0,"15":7,"16":7},"f":{"0":1,"1":7,"2":0},"b":{}}
,"/home/marcos/Documents/Projects/driven/projeto-drivenpass/src/server.ts": {"path":"/home/marcos/Documents/Projects/driven/projeto-drivenpass/src/server.ts","statementMap":{"0":{"start":{"line":1,"column":0},"end":{"line":1,"column":34}},"1":{"start":{"line":3,"column":13},"end":{"line":3,"column":38}},"2":{"start":{"line":5,"column":0},"end":{"line":10,"column":3}},"3":{"start":{"line":6,"column":2},"end":{"line":9,"column":5}},"4":{"start":{"line":8,"column":4},"end":{"line":8,"column":56}}},"fnMap":{"0":{"name":"(anonymous_6)","decl":{"start":{"line":5,"column":12},"end":{"line":5,"column":15}},"loc":{"start":{"line":5,"column":17},"end":{"line":10,"column":1}}},"1":{"name":"(anonymous_7)","decl":{"start":{"line":6,"column":19},"end":{"line":6,"column":22}},"loc":{"start":{"line":6,"column":24},"end":{"line":9,"column":3}}}},"branchMap":{"0":{"loc":{"start":{"line":3,"column":13},"end":{"line":3,"column":38}},"type":"binary-expr","locations":[{"start":{"line":3,"column":13},"end":{"line":3,"column":30}},{"start":{"line":3,"column":34},"end":{"line":3,"column":38}}]}},"s":{"0":0,"1":0,"2":0,"3":0,"4":0},"f":{"0":0,"1":0},"b":{"0":[0,0]}}
,"/home/marcos/Documents/Projects/driven/projeto-drivenpass/src/config/database.ts": {"path":"/home/marcos/Documents/Projects/driven/projeto-drivenpass/src/config/database.ts","statementMap":{"0":{"start":{"line":1,"column":0},"end":{"line":1,"column":46}},"1":{"start":{"line":5,"column":2},"end":{"line":5,"column":30}},"2":{"start":{"line":4,"column":0},"end":{"line":4,"column":16}},"3":{"start":{"line":9,"column":2},"end":{"line":9,"column":30}},"4":{"start":{"line":8,"column":0},"end":{"line":8,"column":7}}},"fnMap":{"0":{"name":"connectDb","decl":{"start":{"line":4,"column":16},"end":{"line":4,"column":25}},"loc":{"start":{"line":4,"column":25},"end":{"line":6,"column":1}}},"1":{"name":"disconnectDB","decl":{"start":{"line":8,"column":22},"end":{"line":8,"column":34}},"loc":{"start":{"line":8,"column":34},"end":{"line":10,"column":1}}}},"branchMap":{},"s":{"0":9,"1":7,"2":9,"3":0,"4":9},"f":{"0":7,"1":0},"b":{}}
,"/home/marcos/Documents/Projects/driven/projeto-drivenpass/src/config/envs.ts": {"path":"/home/marcos/Documents/Projects/driven/projeto-drivenpass/src/config/envs.ts","statementMap":{"0":{"start":{"line":1,"column":0},"end":{"line":1,"column":28}},"1":{"start":{"line":2,"column":0},"end":{"line":2,"column":41}},"2":{"start":{"line":6,"column":4},"end":{"line":10,"column":14}},"3":{"start":{"line":12,"column":22},"end":{"line":12,"column":45}},"4":{"start":{"line":13,"column":2},"end":{"line":13,"column":35}},"5":{"start":{"line":4,"column":0},"end":{"line":4,"column":16}}},"fnMap":{"0":{"name":"loadEnv","decl":{"start":{"line":4,"column":16},"end":{"line":4,"column":23}},"loc":{"start":{"line":4,"column":23},"end":{"line":14,"column":1}}}},"branchMap":{"0":{"loc":{"start":{"line":6,"column":4},"end":{"line":10,"column":14}},"type":"cond-expr","locations":[{"start":{"line":7,"column":8},"end":{"line":7,"column":19}},{"start":{"line":8,"column":8},"end":{"line":10,"column":14}}]},"1":{"loc":{"start":{"line":8,"column":8},"end":{"line":10,"column":14}},"type":"cond-expr","locations":[{"start":{"line":9,"column":8},"end":{"line":9,"column":26}},{"start":{"line":10,"column":8},"end":{"line":10,"column":14}}]}},"s":{"0":9,"1":9,"2":16,"3":16,"4":16,"5":9},"f":{"0":16},"b":{"0":[16,0],"1":[0,0]}}
,"/home/marcos/Documents/Projects/driven/projeto-drivenpass/src/config/index.ts": {"path":"/home/marcos/Documents/Projects/driven/projeto-drivenpass/src/config/index.ts","statementMap":{"0":{"start":{"line":1,"column":0},"end":{"line":1,"column":23}},"1":{"start":{"line":2,"column":0},"end":{"line":2,"column":27}}},"fnMap":{},"branchMap":{},"s":{"0":9,"1":9},"f":{},"b":{}}
,"/home/marcos/Documents/Projects/driven/projeto-drivenpass/src/controllers/authentication-controller.ts": {"path":"/home/marcos/Documents/Projects/driven/projeto-drivenpass/src/controllers/authentication-controller.ts","statementMap":{"0":{"start":{"line":2,"column":0},"end":{"line":2,"column":37}},"1":{"start":{"line":3,"column":0},"end":{"line":3,"column":88}},"2":{"start":{"line":6,"column":30},"end":{"line":6,"column":54}},"3":{"start":{"line":8,"column":2},"end":{"line":14,"column":null}},"4":{"start":{"line":9,"column":19},"end":{"line":9,"column":74}},"5":{"start":{"line":11,"column":4},"end":{"line":11,"column":50}},"6":{"start":{"line":13,"column":4},"end":{"line":13,"column":56}},"7":{"start":{"line":5,"column":0},"end":{"line":5,"column":7}}},"fnMap":{"0":{"name":"singInPost","decl":{"start":{"line":5,"column":22},"end":{"line":5,"column":32}},"loc":{"start":{"line":5,"column":60},"end":{"line":15,"column":1}}}},"branchMap":{},"s":{"0":7,"1":7,"2":5,"3":5,"4":5,"5":3,"6":2,"7":7},"f":{"0":5},"b":{}}
,"/home/marcos/Documents/Projects/driven/projeto-drivenpass/src/controllers/credentials-controller.ts": {"path":"/home/marcos/Documents/Projects/driven/projeto-drivenpass/src/controllers/credentials-controller.ts","statementMap":{"0":{"start":{"line":2,"column":0},"end":{"line":2,"column":37}},"1":{"start":{"line":3,"column":0},"end":{"line":3,"column":91}},"2":{"start":{"line":7,"column":21},"end":{"line":7,"column":24}},"3":{"start":{"line":9,"column":2},"end":{"line":14,"column":null}},"4":{"start":{"line":10,"column":24},"end":{"line":10,"column":70}},"5":{"start":{"line":11,"column":4},"end":{"line":11,"column":55}},"6":{"start":{"line":13,"column":4},"end":{"line":13,"column":16}},"7":{"start":{"line":6,"column":0},"end":{"line":6,"column":7}},"8":{"start":{"line":18,"column":21},"end":{"line":18,"column":24}},"9":{"start":{"line":19,"column":27},"end":{"line":19,"column":37}},"10":{"start":{"line":21,"column":2},"end":{"line":26,"column":null}},"11":{"start":{"line":22,"column":24},"end":{"line":22,"column":94}},"12":{"start":{"line":23,"column":4},"end":{"line":23,"column":55}},"13":{"start":{"line":25,"column":4},"end":{"line":25,"column":16}},"14":{"start":{"line":17,"column":0},"end":{"line":17,"column":7}},"15":{"start":{"line":30,"column":45},"end":{"line":30,"column":79}},"16":{"start":{"line":31,"column":21},"end":{"line":31,"column":24}},"17":{"start":{"line":33,"column":2},"end":{"line":43,"column":null}},"18":{"start":{"line":34,"column":23},"end":{"line":34,"column":107}},"19":{"start":{"line":35,"column":4},"end":{"line":37,"column":7}},"20":{"start":{"line":39,"column":4},"end":{"line":41,"column":null}},"21":{"start":{"line":40,"column":6},"end":{"line":40,"column":57}},"22":{"start":{"line":42,"column":4},"end":{"line":42,"column":58}},"23":{"start":{"line":29,"column":0},"end":{"line":29,"column":7}},"24":{"start":{"line":47,"column":21},"end":{"line":47,"column":24}},"25":{"start":{"line":48,"column":27},"end":{"line":48,"column":37}},"26":{"start":{"line":50,"column":2},"end":{"line":55,"column":null}},"27":{"start":{"line":51,"column":4},"end":{"line":51,"column":78}},"28":{"start":{"line":52,"column":4},"end":{"line":52,"column":47}},"29":{"start":{"line":54,"column":4},"end":{"line":54,"column":16}},"30":{"start":{"line":46,"column":0},"end":{"line":46,"column":7}}},"fnMap":{"0":{"name":"credentialsList","decl":{"start":{"line":6,"column":22},"end":{"line":6,"column":37}},"loc":{"start":{"line":6,"column":98},"end":{"line":15,"column":1}}},"1":{"name":"credentialsShow","decl":{"start":{"line":17,"column":22},"end":{"line":17,"column":37}},"loc":{"start":{"line":17,"column":98},"end":{"line":27,"column":1}}},"2":{"name":"credentialsStore","decl":{"start":{"line":29,"column":22},"end":{"line":29,"column":38}},"loc":{"start":{"line":29,"column":79},"end":{"line":44,"column":1}}},"3":{"name":"credentialsDestroy","decl":{"start":{"line":46,"column":22},"end":{"line":46,"column":40}},"loc":{"start":{"line":46,"column":101},"end":{"line":56,"column":1}}}},"branchMap":{"0":{"loc":{"start":{"line":39,"column":4},"end":{"line":41,"column":null}},"type":"if","locations":[{"start":{"line":39,"column":4},"end":{"line":41,"column":null}}]}},"s":{"0":7,"1":7,"2":3,"3":3,"4":3,"5":1,"6":2,"7":7,"8":2,"9":2,"10":2,"11":2,"12":1,"13":1,"14":7,"15":2,"16":2,"17":2,"18":2,"19":1,"20":1,"21":1,"22":0,"23":7,"24":3,"25":3,"26":3,"27":3,"28":1,"29":2,"30":7},"f":{"0":3,"1":2,"2":2,"3":3},"b":{"0":[1]}}
,"/home/marcos/Documents/Projects/driven/projeto-drivenpass/src/controllers/index.ts": {"path":"/home/marcos/Documents/Projects/driven/projeto-drivenpass/src/controllers/index.ts","statementMap":{"0":{"start":{"line":1,"column":0},"end":{"line":1,"column":35}},"1":{"start":{"line":2,"column":0},"end":{"line":2,"column":44}},"2":{"start":{"line":3,"column":0},"end":{"line":3,"column":41}},"3":{"start":{"line":4,"column":0},"end":{"line":4,"column":38}}},"fnMap":{},"branchMap":{},"s":{"0":7,"1":7,"2":7,"3":7},"f":{},"b":{}}
,"/home/marcos/Documents/Projects/driven/projeto-drivenpass/src/controllers/networks-controller.ts": {"path":"/home/marcos/Documents/Projects/driven/projeto-drivenpass/src/controllers/networks-controller.ts","statementMap":{"0":{"start":{"line":2,"column":0},"end":{"line":2,"column":37}},"1":{"start":{"line":3,"column":0},"end":{"line":3,"column":82}},"2":{"start":{"line":7,"column":21},"end":{"line":7,"column":24}},"3":{"start":{"line":9,"column":2},"end":{"line":14,"column":null}},"4":{"start":{"line":10,"column":21},"end":{"line":10,"column":61}},"5":{"start":{"line":11,"column":4},"end":{"line":11,"column":52}},"6":{"start":{"line":13,"column":4},"end":{"line":13,"column":16}},"7":{"start":{"line":6,"column":0},"end":{"line":6,"column":7}},"8":{"start":{"line":18,"column":21},"end":{"line":18,"column":24}},"9":{"start":{"line":19,"column":24},"end":{"line":19,"column":34}},"10":{"start":{"line":21,"column":2},"end":{"line":26,"column":null}},"11":{"start":{"line":22,"column":21},"end":{"line":22,"column":82}},"12":{"start":{"line":23,"column":4},"end":{"line":23,"column":52}},"13":{"start":{"line":25,"column":4},"end":{"line":25,"column":16}},"14":{"start":{"line":17,"column":0},"end":{"line":17,"column":7}},"15":{"start":{"line":30,"column":39},"end":{"line":30,"column":70}},"16":{"start":{"line":31,"column":21},"end":{"line":31,"column":24}},"17":{"start":{"line":33,"column":2},"end":{"line":43,"column":null}},"18":{"start":{"line":34,"column":21},"end":{"line":34,"column":93}},"19":{"start":{"line":35,"column":4},"end":{"line":37,"column":7}},"20":{"start":{"line":39,"column":4},"end":{"line":41,"column":null}},"21":{"start":{"line":40,"column":6},"end":{"line":40,"column":57}},"22":{"start":{"line":42,"column":4},"end":{"line":42,"column":58}},"23":{"start":{"line":29,"column":0},"end":{"line":29,"column":7}},"24":{"start":{"line":47,"column":21},"end":{"line":47,"column":24}},"25":{"start":{"line":48,"column":24},"end":{"line":48,"column":34}},"26":{"start":{"line":50,"column":2},"end":{"line":55,"column":null}},"27":{"start":{"line":51,"column":4},"end":{"line":51,"column":69}},"28":{"start":{"line":52,"column":4},"end":{"line":52,"column":47}},"29":{"start":{"line":54,"column":4},"end":{"line":54,"column":16}},"30":{"start":{"line":46,"column":0},"end":{"line":46,"column":7}}},"fnMap":{"0":{"name":"networksList","decl":{"start":{"line":6,"column":22},"end":{"line":6,"column":34}},"loc":{"start":{"line":6,"column":95},"end":{"line":15,"column":1}}},"1":{"name":"networksShow","decl":{"start":{"line":17,"column":22},"end":{"line":17,"column":34}},"loc":{"start":{"line":17,"column":95},"end":{"line":27,"column":1}}},"2":{"name":"networksStore","decl":{"start":{"line":29,"column":22},"end":{"line":29,"column":35}},"loc":{"start":{"line":29,"column":76},"end":{"line":44,"column":1}}},"3":{"name":"networksDestroy","decl":{"start":{"line":46,"column":22},"end":{"line":46,"column":37}},"loc":{"start":{"line":46,"column":98},"end":{"line":56,"column":1}}}},"branchMap":{"0":{"loc":{"start":{"line":39,"column":4},"end":{"line":41,"column":null}},"type":"if","locations":[{"start":{"line":39,"column":4},"end":{"line":41,"column":null}}]}},"s":{"0":7,"1":7,"2":3,"3":3,"4":3,"5":1,"6":2,"7":7,"8":2,"9":2,"10":2,"11":2,"12":1,"13":1,"14":7,"15":2,"16":2,"17":2,"18":2,"19":1,"20":1,"21":1,"22":0,"23":7,"24":3,"25":3,"26":3,"27":3,"28":1,"29":2,"30":7},"f":{"0":3,"1":2,"2":2,"3":3},"b":{"0":[1]}}
,"/home/marcos/Documents/Projects/driven/projeto-drivenpass/src/controllers/users-controller.ts": {"path":"/home/marcos/Documents/Projects/driven/projeto-drivenpass/src/controllers/users-controller.ts","statementMap":{"0":{"start":{"line":2,"column":0},"end":{"line":2,"column":37}},"1":{"start":{"line":3,"column":0},"end":{"line":3,"column":51}},"2":{"start":{"line":6,"column":30},"end":{"line":6,"column":38}},"3":{"start":{"line":8,"column":2},"end":{"line":19,"column":null}},"4":{"start":{"line":9,"column":17},"end":{"line":9,"column":66}},"5":{"start":{"line":10,"column":4},"end":{"line":13,"column":7}},"6":{"start":{"line":15,"column":4},"end":{"line":17,"column":null}},"7":{"start":{"line":16,"column":6},"end":{"line":16,"column":57}},"8":{"start":{"line":18,"column":4},"end":{"line":18,"column":58}},"9":{"start":{"line":5,"column":0},"end":{"line":5,"column":7}}},"fnMap":{"0":{"name":"usersPost","decl":{"start":{"line":5,"column":22},"end":{"line":5,"column":31}},"loc":{"start":{"line":5,"column":59},"end":{"line":20,"column":1}}}},"branchMap":{"0":{"loc":{"start":{"line":15,"column":4},"end":{"line":17,"column":null}},"type":"if","locations":[{"start":{"line":15,"column":4},"end":{"line":17,"column":null}}]}},"s":{"0":7,"1":7,"2":4,"3":4,"4":4,"5":3,"6":1,"7":1,"8":0,"9":7},"f":{"0":4},"b":{"0":[1]}}
,"/home/marcos/Documents/Projects/driven/projeto-drivenpass/src/errors/conflict-error.ts": {"path":"/home/marcos/Documents/Projects/driven/projeto-drivenpass/src/errors/conflict-error.ts","statementMap":{"0":{"start":{"line":4,"column":2},"end":{"line":7,"column":4}},"1":{"start":{"line":3,"column":0},"end":{"line":3,"column":16}}},"fnMap":{"0":{"name":"conflictError","decl":{"start":{"line":3,"column":16},"end":{"line":3,"column":29}},"loc":{"start":{"line":3,"column":45},"end":{"line":8,"column":1}}}},"branchMap":{},"s":{"0":0,"1":7},"f":{"0":0},"b":{}}
,"/home/marcos/Documents/Projects/driven/projeto-drivenpass/src/errors/duplicated-title-error.ts": {"path":"/home/marcos/Documents/Projects/driven/projeto-drivenpass/src/errors/duplicated-title-error.ts","statementMap":{"0":{"start":{"line":4,"column":2},"end":{"line":7,"column":4}},"1":{"start":{"line":3,"column":0},"end":{"line":3,"column":16}}},"fnMap":{"0":{"name":"DuplicatedTitleError","decl":{"start":{"line":3,"column":16},"end":{"line":3,"column":36}},"loc":{"start":{"line":3,"column":36},"end":{"line":8,"column":1}}}},"branchMap":{},"s":{"0":2,"1":7},"f":{"0":2},"b":{}}
,"/home/marcos/Documents/Projects/driven/projeto-drivenpass/src/errors/forbidden-error.ts": {"path":"/home/marcos/Documents/Projects/driven/projeto-drivenpass/src/errors/forbidden-error.ts","statementMap":{"0":{"start":{"line":4,"column":2},"end":{"line":7,"column":4}},"1":{"start":{"line":3,"column":0},"end":{"line":3,"column":16}}},"fnMap":{"0":{"name":"forbiddenError","decl":{"start":{"line":3,"column":16},"end":{"line":3,"column":30}},"loc":{"start":{"line":3,"column":30},"end":{"line":8,"column":1}}}},"branchMap":{},"s":{"0":0,"1":0},"f":{"0":0},"b":{}}
,"/home/marcos/Documents/Projects/driven/projeto-drivenpass/src/errors/index.ts": {"path":"/home/marcos/Documents/Projects/driven/projeto-drivenpass/src/errors/index.ts","statementMap":{"0":{"start":{"line":1,"column":0},"end":{"line":1,"column":33}},"1":{"start":{"line":2,"column":0},"end":{"line":2,"column":37}},"2":{"start":{"line":3,"column":0},"end":{"line":3,"column":38}},"3":{"start":{"line":4,"column":0},"end":{"line":4,"column":34}},"4":{"start":{"line":5,"column":0},"end":{"line":5,"column":37}},"5":{"start":{"line":6,"column":0},"end":{"line":6,"column":32}},"6":{"start":{"line":7,"column":0},"end":{"line":7,"column":41}}},"fnMap":{},"branchMap":{},"s":{"0":7,"1":7,"2":7,"3":7,"4":7,"5":7,"6":7},"f":{},"b":{}}
,"/home/marcos/Documents/Projects/driven/projeto-drivenpass/src/errors/invalid-data-error.ts": {"path":"/home/marcos/Documents/Projects/driven/projeto-drivenpass/src/errors/invalid-data-error.ts","statementMap":{"0":{"start":{"line":4,"column":2},"end":{"line":8,"column":4}},"1":{"start":{"line":3,"column":0},"end":{"line":3,"column":16}}},"fnMap":{"0":{"name":"invalidDataError","decl":{"start":{"line":3,"column":16},"end":{"line":3,"column":32}},"loc":{"start":{"line":3,"column":50},"end":{"line":9,"column":1}}}},"branchMap":{},"s":{"0":5,"1":7},"f":{"0":5},"b":{}}
,"/home/marcos/Documents/Projects/driven/projeto-drivenpass/src/errors/invalid-email-error.ts": {"path":"/home/marcos/Documents/Projects/driven/projeto-drivenpass/src/errors/invalid-email-error.ts","statementMap":{"0":{"start":{"line":4,"column":2},"end":{"line":8,"column":4}},"1":{"start":{"line":3,"column":0},"end":{"line":3,"column":16}}},"fnMap":{"0":{"name":"invalidEmailError","decl":{"start":{"line":3,"column":16},"end":{"line":3,"column":33}},"loc":{"start":{"line":3,"column":47},"end":{"line":9,"column":1}}}},"branchMap":{},"s":{"0":0,"1":7},"f":{"0":0},"b":{}}
,"/home/marcos/Documents/Projects/driven/projeto-drivenpass/src/errors/not-found-error.ts": {"path":"/home/marcos/Documents/Projects/driven/projeto-drivenpass/src/errors/not-found-error.ts","statementMap":{"0":{"start":{"line":4,"column":2},"end":{"line":7,"column":4}},"1":{"start":{"line":3,"column":0},"end":{"line":3,"column":16}}},"fnMap":{"0":{"name":"notFoundError","decl":{"start":{"line":3,"column":16},"end":{"line":3,"column":29}},"loc":{"start":{"line":3,"column":29},"end":{"line":8,"column":1}}}},"branchMap":{},"s":{"0":10,"1":7},"f":{"0":10},"b":{}}
,"/home/marcos/Documents/Projects/driven/projeto-drivenpass/src/errors/request-error.ts": {"path":"/home/marcos/Documents/Projects/driven/projeto-drivenpass/src/errors/request-error.ts","statementMap":{"0":{"start":{"line":4,"column":2},"end":{"line":10,"column":4}},"1":{"start":{"line":3,"column":0},"end":{"line":3,"column":16}}},"fnMap":{"0":{"name":"requestError","decl":{"start":{"line":3,"column":16},"end":{"line":3,"column":28}},"loc":{"start":{"line":3,"column":63},"end":{"line":11,"column":1}}}},"branchMap":{},"s":{"0":0,"1":7},"f":{"0":0},"b":{}}
,"/home/marcos/Documents/Projects/driven/projeto-drivenpass/src/errors/unauthorized-error.ts": {"path":"/home/marcos/Documents/Projects/driven/projeto-drivenpass/src/errors/unauthorized-error.ts","statementMap":{"0":{"start":{"line":4,"column":2},"end":{"line":7,"column":4}},"1":{"start":{"line":3,"column":0},"end":{"line":3,"column":16}}},"fnMap":{"0":{"name":"unauthorizedError","decl":{"start":{"line":3,"column":16},"end":{"line":3,"column":33}},"loc":{"start":{"line":3,"column":33},"end":{"line":8,"column":1}}}},"branchMap":{},"s":{"0":24,"1":7},"f":{"0":24},"b":{}}
,"/home/marcos/Documents/Projects/driven/projeto-drivenpass/src/middlewares/authentication-middleware.ts": {"path":"/home/marcos/Documents/Projects/driven/projeto-drivenpass/src/middlewares/authentication-middleware.ts","statementMap":{"0":{"start":{"line":2,"column":0},"end":{"line":2,"column":37}},"1":{"start":{"line":3,"column":0},"end":{"line":3,"column":36}},"2":{"start":{"line":5,"column":0},"end":{"line":5,"column":45}},"3":{"start":{"line":6,"column":0},"end":{"line":6,"column":34}},"4":{"start":{"line":9,"column":21},"end":{"line":9,"column":48}},"5":{"start":{"line":10,"column":2},"end":{"line":10,"column":60}},"6":{"start":{"line":10,"column":19},"end":{"line":10,"column":60}},"7":{"start":{"line":12,"column":16},"end":{"line":12,"column":40}},"8":{"start":{"line":13,"column":2},"end":{"line":13,"column":55}},"9":{"start":{"line":13,"column":14},"end":{"line":13,"column":55}},"10":{"start":{"line":15,"column":2},"end":{"line":30,"column":null}},"11":{"start":{"line":16,"column":23},"end":{"line":16,"column":78}},"12":{"start":{"line":18,"column":20},"end":{"line":22,"column":6}},"13":{"start":{"line":23,"column":4},"end":{"line":23,"column":59}},"14":{"start":{"line":23,"column":18},"end":{"line":23,"column":59}},"15":{"start":{"line":25,"column":4},"end":{"line":25,"column":24}},"16":{"start":{"line":27,"column":4},"end":{"line":27,"column":18}},"17":{"start":{"line":29,"column":4},"end":{"line":29,"column":45}},"18":{"start":{"line":8,"column":0},"end":{"line":8,"column":7}},"19":{"start":{"line":34,"column":2},"end":{"line":34,"column":64}}},"fnMap":{"0":{"name":"authenticateToken","decl":{"start":{"line":8,"column":22},"end":{"line":8,"column":39}},"loc":{"start":{"line":8,"column":100},"end":{"line":31,"column":1}}},"1":{"name":"generateUnauthorizedResponse","decl":{"start":{"line":33,"column":9},"end":{"line":33,"column":37}},"loc":{"start":{"line":33,"column":51},"end":{"line":35,"column":1}}}},"branchMap":{"0":{"loc":{"start":{"line":10,"column":2},"end":{"line":10,"column":60}},"type":"if","locations":[{"start":{"line":10,"column":2},"end":{"line":10,"column":60}}]},"1":{"loc":{"start":{"line":13,"column":2},"end":{"line":13,"column":55}},"type":"if","locations":[{"start":{"line":13,"column":2},"end":{"line":13,"column":55}}]},"2":{"loc":{"start":{"line":23,"column":4},"end":{"line":23,"column":59}},"type":"if","locations":[{"start":{"line":23,"column":4},"end":{"line":23,"column":59}}]}},"s":{"0":7,"1":7,"2":7,"3":7,"4":44,"5":44,"6":8,"7":36,"8":36,"9":0,"10":36,"11":36,"12":28,"13":28,"14":8,"15":20,"16":20,"17":8,"18":7,"19":24},"f":{"0":44,"1":24},"b":{"0":[8],"1":[0],"2":[8]}}
,"/home/marcos/Documents/Projects/driven/projeto-drivenpass/src/middlewares/error-handling-middleware.ts": {"path":"/home/marcos/Documents/Projects/driven/projeto-drivenpass/src/middlewares/error-handling-middleware.ts","statementMap":{"0":{"start":{"line":2,"column":0},"end":{"line":2,"column":37}},"1":{"start":{"line":11,"column":2},"end":{"line":15,"column":null}},"2":{"start":{"line":12,"column":4},"end":{"line":14,"column":7}},"3":{"start":{"line":17,"column":2},"end":{"line":21,"column":null}},"4":{"start":{"line":18,"column":4},"end":{"line":20,"column":7}},"5":{"start":{"line":23,"column":2},"end":{"line":27,"column":null}},"6":{"start":{"line":24,"column":4},"end":{"line":26,"column":7}},"7":{"start":{"line":29,"column":2},"end":{"line":33,"column":null}},"8":{"start":{"line":30,"column":4},"end":{"line":32,"column":7}},"9":{"start":{"line":35,"column":2},"end":{"line":39,"column":null}},"10":{"start":{"line":36,"column":4},"end":{"line":38,"column":7}},"11":{"start":{"line":41,"column":2},"end":{"line":45,"column":null}},"12":{"start":{"line":42,"column":4},"end":{"line":44,"column":7}},"13":{"start":{"line":47,"column":2},"end":{"line":51,"column":null}},"14":{"start":{"line":48,"column":4},"end":{"line":50,"column":7}},"15":{"start":{"line":54,"column":2},"end":{"line":54,"column":26}},"16":{"start":{"line":55,"column":2},"end":{"line":58,"column":5}},"17":{"start":{"line":5,"column":0},"end":{"line":5,"column":16}}},"fnMap":{"0":{"name":"handleApplicationErrors","decl":{"start":{"line":5,"column":16},"end":{"line":5,"column":39}},"loc":{"start":{"line":9,"column":21},"end":{"line":59,"column":1}}}},"branchMap":{"0":{"loc":{"start":{"line":11,"column":2},"end":{"line":15,"column":null}},"type":"if","locations":[{"start":{"line":11,"column":2},"end":{"line":15,"column":null}}]},"1":{"loc":{"start":{"line":17,"column":2},"end":{"line":21,"column":null}},"type":"if","locations":[{"start":{"line":17,"column":2},"end":{"line":21,"column":null}}]},"2":{"loc":{"start":{"line":17,"column":6},"end":{"line":17,"column":112}},"type":"binary-expr","locations":[{"start":{"line":17,"column":6},"end":{"line":17,"column":34}},{"start":{"line":17,"column":38},"end":{"line":17,"column":73}},{"start":{"line":17,"column":77},"end":{"line":17,"column":112}}]},"3":{"loc":{"start":{"line":23,"column":2},"end":{"line":27,"column":null}},"type":"if","locations":[{"start":{"line":23,"column":2},"end":{"line":27,"column":null}}]},"4":{"loc":{"start":{"line":29,"column":2},"end":{"line":33,"column":null}},"type":"if","locations":[{"start":{"line":29,"column":2},"end":{"line":33,"column":null}}]},"5":{"loc":{"start":{"line":35,"column":2},"end":{"line":39,"column":null}},"type":"if","locations":[{"start":{"line":35,"column":2},"end":{"line":39,"column":null}}]},"6":{"loc":{"start":{"line":41,"column":2},"end":{"line":45,"column":null}},"type":"if","locations":[{"start":{"line":41,"column":2},"end":{"line":45,"column":null}}]},"7":{"loc":{"start":{"line":47,"column":2},"end":{"line":51,"column":null}},"type":"if","locations":[{"start":{"line":47,"column":2},"end":{"line":51,"column":null}}]}},"s":{"0":7,"1":10,"2":0,"3":10,"4":0,"5":10,"6":0,"7":10,"8":0,"9":10,"10":0,"11":10,"12":10,"13":0,"14":0,"15":0,"16":0,"17":7},"f":{"0":10},"b":{"0":[0],"1":[0],"2":[10,10,10],"3":[0],"4":[0],"5":[0],"6":[10],"7":[0]}}
,"/home/marcos/Documents/Projects/driven/projeto-drivenpass/src/middlewares/index.ts": {"path":"/home/marcos/Documents/Projects/driven/projeto-drivenpass/src/middlewares/index.ts","statementMap":{"0":{"start":{"line":1,"column":0},"end":{"line":1,"column":44}},"1":{"start":{"line":2,"column":0},"end":{"line":2,"column":40}},"2":{"start":{"line":3,"column":0},"end":{"line":3,"column":44}}},"fnMap":{},"branchMap":{},"s":{"0":7,"1":7,"2":7},"f":{},"b":{}}
,"/home/marcos/Documents/Projects/driven/projeto-drivenpass/src/middlewares/validation-middleware.ts": {"path":"/home/marcos/Documents/Projects/driven/projeto-drivenpass/src/middlewares/validation-middleware.ts","statementMap":{"0":{"start":{"line":2,"column":0},"end":{"line":2,"column":37}},"1":{"start":{"line":4,"column":0},"end":{"line":4,"column":44}},"2":{"start":{"line":7,"column":2},"end":{"line":7,"column":34}},"3":{"start":{"line":6,"column":0},"end":{"line":6,"column":16}},"4":{"start":{"line":11,"column":2},"end":{"line":11,"column":36}},"5":{"start":{"line":10,"column":0},"end":{"line":10,"column":16}},"6":{"start":{"line":15,"column":2},"end":{"line":25,"column":4}},"7":{"start":{"line":16,"column":22},"end":{"line":18,"column":6}},"8":{"start":{"line":20,"column":4},"end":{"line":24,"column":null}},"9":{"start":{"line":21,"column":6},"end":{"line":21,"column":13}},"10":{"start":{"line":23,"column":6},"end":{"line":23,"column":101}},"11":{"start":{"line":23,"column":88},"end":{"line":23,"column":97}}},"fnMap":{"0":{"name":"validateBody","decl":{"start":{"line":6,"column":16},"end":{"line":6,"column":28}},"loc":{"start":{"line":6,"column":55},"end":{"line":8,"column":1}}},"1":{"name":"validateParams","decl":{"start":{"line":10,"column":16},"end":{"line":10,"column":30}},"loc":{"start":{"line":10,"column":57},"end":{"line":12,"column":1}}},"2":{"name":"validate","decl":{"start":{"line":14,"column":9},"end":{"line":14,"column":17}},"loc":{"start":{"line":14,"column":63},"end":{"line":26,"column":1}}},"3":{"name":"(anonymous_4)","decl":{"start":{"line":15,"column":9},"end":{"line":15,"column":10}},"loc":{"start":{"line":15,"column":61},"end":{"line":25,"column":3}}},"4":{"name":"(anonymous_5)","decl":{"start":{"line":23,"column":81},"end":{"line":23,"column":82}},"loc":{"start":{"line":23,"column":88},"end":{"line":23,"column":97}}}},"branchMap":{"0":{"loc":{"start":{"line":20,"column":4},"end":{"line":24,"column":null}},"type":"if","locations":[{"start":{"line":20,"column":4},"end":{"line":24,"column":null}},{"start":{"line":22,"column":11},"end":{"line":24,"column":null}}]}},"s":{"0":7,"1":7,"2":28,"3":7,"4":0,"5":7,"6":28,"7":18,"8":18,"9":13,"10":5,"11":11},"f":{"0":28,"1":0,"2":28,"3":18,"4":11},"b":{"0":[13,5]}}
,"/home/marcos/Documents/Projects/driven/projeto-drivenpass/src/repositories/credential-repository/index.ts": {"path":"/home/marcos/Documents/Projects/driven/projeto-drivenpass/src/repositories/credential-repository/index.ts","statementMap":{"0":{"start":{"line":2,"column":0},"end":{"line":2,"column":34}},"1":{"start":{"line":5,"column":50},"end":{"line":9,"column":4}},"2":{"start":{"line":11,"column":2},"end":{"line":13,"column":null}},"3":{"start":{"line":12,"column":4},"end":{"line":12,"column":27}},"4":{"start":{"line":15,"column":2},"end":{"line":15,"column":46}},"5":{"start":{"line":19,"column":2},"end":{"line":24,"column":5}},"6":{"start":{"line":28,"column":2},"end":{"line":32,"column":5}},"7":{"start":{"line":36,"column":2},"end":{"line":38,"column":5}},"8":{"start":{"line":42,"column":2},"end":{"line":46,"column":5}},"9":{"start":{"line":49,"column":29},"end":{"line":55,"column":2}},"10":{"start":{"line":57,"column":0},"end":{"line":57,"column":36}}},"fnMap":{"0":{"name":"findById","decl":{"start":{"line":4,"column":15},"end":{"line":4,"column":23}},"loc":{"start":{"line":4,"column":62},"end":{"line":16,"column":1}}},"1":{"name":"findByTitle","decl":{"start":{"line":18,"column":15},"end":{"line":18,"column":26}},"loc":{"start":{"line":18,"column":56},"end":{"line":25,"column":1}}},"2":{"name":"listCredential","decl":{"start":{"line":27,"column":15},"end":{"line":27,"column":29}},"loc":{"start":{"line":27,"column":44},"end":{"line":33,"column":1}}},"3":{"name":"create","decl":{"start":{"line":35,"column":15},"end":{"line":35,"column":21}},"loc":{"start":{"line":35,"column":65},"end":{"line":39,"column":1}}},"4":{"name":"destroy","decl":{"start":{"line":41,"column":15},"end":{"line":41,"column":22}},"loc":{"start":{"line":41,"column":43},"end":{"line":47,"column":1}}}},"branchMap":{"0":{"loc":{"start":{"line":11,"column":2},"end":{"line":13,"column":null}},"type":"if","locations":[{"start":{"line":11,"column":2},"end":{"line":13,"column":null}}]}},"s":{"0":7,"1":5,"2":5,"3":0,"4":5,"5":2,"6":3,"7":1,"8":1,"9":7,"10":7},"f":{"0":5,"1":2,"2":3,"3":1,"4":1},"b":{"0":[0]}}
,"/home/marcos/Documents/Projects/driven/projeto-drivenpass/src/repositories/network-repository/index.ts": {"path":"/home/marcos/Documents/Projects/driven/projeto-drivenpass/src/repositories/network-repository/index.ts","statementMap":{"0":{"start":{"line":2,"column":0},"end":{"line":2,"column":34}},"1":{"start":{"line":5,"column":47},"end":{"line":9,"column":4}},"2":{"start":{"line":11,"column":2},"end":{"line":13,"column":null}},"3":{"start":{"line":12,"column":4},"end":{"line":12,"column":27}},"4":{"start":{"line":15,"column":2},"end":{"line":15,"column":43}},"5":{"start":{"line":19,"column":2},"end":{"line":24,"column":5}},"6":{"start":{"line":28,"column":2},"end":{"line":32,"column":5}},"7":{"start":{"line":36,"column":2},"end":{"line":38,"column":5}},"8":{"start":{"line":42,"column":2},"end":{"line":46,"column":5}},"9":{"start":{"line":49,"column":26},"end":{"line":55,"column":2}},"10":{"start":{"line":57,"column":0},"end":{"line":57,"column":33}}},"fnMap":{"0":{"name":"findById","decl":{"start":{"line":4,"column":15},"end":{"line":4,"column":23}},"loc":{"start":{"line":4,"column":62},"end":{"line":16,"column":1}}},"1":{"name":"findByTitle","decl":{"start":{"line":18,"column":15},"end":{"line":18,"column":26}},"loc":{"start":{"line":18,"column":56},"end":{"line":25,"column":1}}},"2":{"name":"listNetwork","decl":{"start":{"line":27,"column":15},"end":{"line":27,"column":26}},"loc":{"start":{"line":27,"column":41},"end":{"line":33,"column":1}}},"3":{"name":"create","decl":{"start":{"line":35,"column":15},"end":{"line":35,"column":21}},"loc":{"start":{"line":35,"column":62},"end":{"line":39,"column":1}}},"4":{"name":"destroy","decl":{"start":{"line":41,"column":15},"end":{"line":41,"column":22}},"loc":{"start":{"line":41,"column":43},"end":{"line":47,"column":1}}}},"branchMap":{"0":{"loc":{"start":{"line":11,"column":2},"end":{"line":13,"column":null}},"type":"if","locations":[{"start":{"line":11,"column":2},"end":{"line":13,"column":null}}]}},"s":{"0":7,"1":5,"2":5,"3":0,"4":5,"5":2,"6":3,"7":1,"8":1,"9":7,"10":7},"f":{"0":5,"1":2,"2":3,"3":1,"4":1},"b":{"0":[0]}}
,"/home/marcos/Documents/Projects/driven/projeto-drivenpass/src/repositories/session-repository/index.ts": {"path":"/home/marcos/Documents/Projects/driven/projeto-drivenpass/src/repositories/session-repository/index.ts","statementMap":{"0":{"start":{"line":2,"column":0},"end":{"line":2,"column":34}},"1":{"start":{"line":5,"column":2},"end":{"line":7,"column":5}},"2":{"start":{"line":10,"column":26},"end":{"line":12,"column":2}},"3":{"start":{"line":14,"column":0},"end":{"line":14,"column":33}}},"fnMap":{"0":{"name":"create","decl":{"start":{"line":4,"column":15},"end":{"line":4,"column":21}},"loc":{"start":{"line":4,"column":62},"end":{"line":8,"column":1}}}},"branchMap":{},"s":{"0":7,"1":5,"2":7,"3":7},"f":{"0":5},"b":{}}
,"/home/marcos/Documents/Projects/driven/projeto-drivenpass/src/repositories/user-repository/index.ts": {"path":"/home/marcos/Documents/Projects/driven/projeto-drivenpass/src/repositories/user-repository/index.ts","statementMap":{"0":{"start":{"line":2,"column":0},"end":{"line":2,"column":34}},"1":{"start":{"line":5,"column":44},"end":{"line":9,"column":4}},"2":{"start":{"line":11,"column":2},"end":{"line":13,"column":null}},"3":{"start":{"line":12,"column":4},"end":{"line":12,"column":27}},"4":{"start":{"line":15,"column":2},"end":{"line":15,"column":40}},"5":{"start":{"line":19,"column":2},"end":{"line":21,"column":5}},"6":{"start":{"line":24,"column":23},"end":{"line":27,"column":2}},"7":{"start":{"line":29,"column":0},"end":{"line":29,"column":30}}},"fnMap":{"0":{"name":"findByEmail","decl":{"start":{"line":4,"column":15},"end":{"line":4,"column":26}},"loc":{"start":{"line":4,"column":68},"end":{"line":16,"column":1}}},"1":{"name":"create","decl":{"start":{"line":18,"column":15},"end":{"line":18,"column":21}},"loc":{"start":{"line":18,"column":59},"end":{"line":22,"column":1}}}},"branchMap":{"0":{"loc":{"start":{"line":11,"column":2},"end":{"line":13,"column":null}},"type":"if","locations":[{"start":{"line":11,"column":2},"end":{"line":13,"column":null}}]}},"s":{"0":7,"1":16,"2":16,"3":9,"4":16,"5":5,"6":7,"7":7},"f":{"0":16,"1":5},"b":{"0":[9]}}
,"/home/marcos/Documents/Projects/driven/projeto-drivenpass/src/routers/authentication-router.ts": {"path":"/home/marcos/Documents/Projects/driven/projeto-drivenpass/src/routers/authentication-router.ts","statementMap":{"0":{"start":{"line":1,"column":0},"end":{"line":1,"column":33}},"1":{"start":{"line":2,"column":0},"end":{"line":2,"column":43}},"2":{"start":{"line":3,"column":0},"end":{"line":3,"column":45}},"3":{"start":{"line":4,"column":0},"end":{"line":4,"column":41}},"4":{"start":{"line":6,"column":29},"end":{"line":6,"column":37}},"5":{"start":{"line":10,"column":9},"end":{"line":10,"column":29}},"6":{"start":{"line":8,"column":0},"end":{"line":8,"column":78}}},"fnMap":{},"branchMap":{},"s":{"0":7,"1":7,"2":7,"3":7,"4":7,"5":7,"6":7},"f":{},"b":{}}
,"/home/marcos/Documents/Projects/driven/projeto-drivenpass/src/routers/credentials-router.ts": {"path":"/home/marcos/Documents/Projects/driven/projeto-drivenpass/src/routers/credentials-router.ts","statementMap":{"0":{"start":{"line":1,"column":0},"end":{"line":1,"column":33}},"1":{"start":{"line":3,"column":0},"end":{"line":3,"column":64}},"2":{"start":{"line":4,"column":0},"end":{"line":4,"column":51}},"3":{"start":{"line":5,"column":0},"end":{"line":5,"column":103}},"4":{"start":{"line":7,"column":26},"end":{"line":7,"column":34}},"5":{"start":{"line":15,"column":9},"end":{"line":15,"column":26}},"6":{"start":{"line":9,"column":0},"end":{"line":9,"column":47}},"7":{"start":{"line":10,"column":0},"end":{"line":10,"column":44}},"8":{"start":{"line":11,"column":0},"end":{"line":11,"column":57}},"9":{"start":{"line":12,"column":0},"end":{"line":12,"column":84}},"10":{"start":{"line":13,"column":0},"end":{"line":13,"column":63}}},"fnMap":{},"branchMap":{},"s":{"0":7,"1":7,"2":7,"3":7,"4":7,"5":7,"6":7,"7":7,"8":7,"9":7,"10":7},"f":{},"b":{}}
,"/home/marcos/Documents/Projects/driven/projeto-drivenpass/src/routers/index.ts": {"path":"/home/marcos/Documents/Projects/driven/projeto-drivenpass/src/routers/index.ts","statementMap":{"0":{"start":{"line":1,"column":0},"end":{"line":1,"column":31}},"1":{"start":{"line":2,"column":0},"end":{"line":2,"column":40}},"2":{"start":{"line":3,"column":0},"end":{"line":3,"column":37}},"3":{"start":{"line":4,"column":0},"end":{"line":4,"column":34}}},"fnMap":{},"branchMap":{},"s":{"0":7,"1":7,"2":7,"3":7},"f":{},"b":{}}
,"/home/marcos/Documents/Projects/driven/projeto-drivenpass/src/routers/networks-router.ts": {"path":"/home/marcos/Documents/Projects/driven/projeto-drivenpass/src/routers/networks-router.ts","statementMap":{"0":{"start":{"line":1,"column":0},"end":{"line":1,"column":33}},"1":{"start":{"line":3,"column":0},"end":{"line":3,"column":64}},"2":{"start":{"line":4,"column":0},"end":{"line":4,"column":48}},"3":{"start":{"line":5,"column":0},"end":{"line":5,"column":91}},"4":{"start":{"line":7,"column":23},"end":{"line":7,"column":31}},"5":{"start":{"line":15,"column":9},"end":{"line":15,"column":23}},"6":{"start":{"line":9,"column":0},"end":{"line":9,"column":44}},"7":{"start":{"line":10,"column":0},"end":{"line":10,"column":38}},"8":{"start":{"line":11,"column":0},"end":{"line":11,"column":48}},"9":{"start":{"line":12,"column":0},"end":{"line":12,"column":75}},"10":{"start":{"line":13,"column":0},"end":{"line":13,"column":54}}},"fnMap":{},"branchMap":{},"s":{"0":7,"1":7,"2":7,"3":7,"4":7,"5":7,"6":7,"7":7,"8":7,"9":7,"10":7},"f":{},"b":{}}
,"/home/marcos/Documents/Projects/driven/projeto-drivenpass/src/routers/users-router.ts": {"path":"/home/marcos/Documents/Projects/driven/projeto-drivenpass/src/routers/users-router.ts","statementMap":{"0":{"start":{"line":1,"column":0},"end":{"line":1,"column":33}},"1":{"start":{"line":3,"column":0},"end":{"line":3,"column":45}},"2":{"start":{"line":4,"column":0},"end":{"line":4,"column":45}},"3":{"start":{"line":5,"column":0},"end":{"line":5,"column":42}},"4":{"start":{"line":7,"column":20},"end":{"line":7,"column":28}},"5":{"start":{"line":11,"column":9},"end":{"line":11,"column":20}},"6":{"start":{"line":9,"column":0},"end":{"line":9,"column":65}}},"fnMap":{},"branchMap":{},"s":{"0":7,"1":7,"2":7,"3":7,"4":7,"5":7,"6":7},"f":{},"b":{}}
,"/home/marcos/Documents/Projects/driven/projeto-drivenpass/src/schemas/authentication-schemas.ts": {"path":"/home/marcos/Documents/Projects/driven/projeto-drivenpass/src/schemas/authentication-schemas.ts","statementMap":{"0":{"start":{"line":1,"column":0},"end":{"line":1,"column":22}},"1":{"start":{"line":4,"column":13},"end":{"line":7,"column":3}}},"fnMap":{},"branchMap":{},"s":{"0":9,"1":9},"f":{},"b":{}}
,"/home/marcos/Documents/Projects/driven/projeto-drivenpass/src/schemas/credentials-schemas.ts": {"path":"/home/marcos/Documents/Projects/driven/projeto-drivenpass/src/schemas/credentials-schemas.ts","statementMap":{"0":{"start":{"line":1,"column":0},"end":{"line":1,"column":22}},"1":{"start":{"line":4,"column":13},"end":{"line":9,"column":3}}},"fnMap":{},"branchMap":{},"s":{"0":9,"1":9},"f":{},"b":{}}
,"/home/marcos/Documents/Projects/driven/projeto-drivenpass/src/schemas/index.ts": {"path":"/home/marcos/Documents/Projects/driven/projeto-drivenpass/src/schemas/index.ts","statementMap":{"0":{"start":{"line":1,"column":0},"end":{"line":1,"column":32}},"1":{"start":{"line":2,"column":0},"end":{"line":2,"column":41}},"2":{"start":{"line":3,"column":0},"end":{"line":3,"column":38}},"3":{"start":{"line":4,"column":0},"end":{"line":4,"column":35}}},"fnMap":{},"branchMap":{},"s":{"0":9,"1":9,"2":9,"3":9},"f":{},"b":{}}
,"/home/marcos/Documents/Projects/driven/projeto-drivenpass/src/schemas/networks-schemas.ts": {"path":"/home/marcos/Documents/Projects/driven/projeto-drivenpass/src/schemas/networks-schemas.ts","statementMap":{"0":{"start":{"line":1,"column":0},"end":{"line":1,"column":22}},"1":{"start":{"line":4,"column":13},"end":{"line":8,"column":3}}},"fnMap":{},"branchMap":{},"s":{"0":9,"1":9},"f":{},"b":{}}
,"/home/marcos/Documents/Projects/driven/projeto-drivenpass/src/schemas/users-schemas.ts": {"path":"/home/marcos/Documents/Projects/driven/projeto-drivenpass/src/schemas/users-schemas.ts","statementMap":{"0":{"start":{"line":1,"column":0},"end":{"line":1,"column":22}},"1":{"start":{"line":4,"column":13},"end":{"line":7,"column":3}}},"fnMap":{},"branchMap":{},"s":{"0":9,"1":9},"f":{},"b":{}}
,"/home/marcos/Documents/Projects/driven/projeto-drivenpass/src/services/index.ts": {"path":"/home/marcos/Documents/Projects/driven/projeto-drivenpass/src/services/index.ts","statementMap":{"0":{"start":{"line":1,"column":0},"end":{"line":1,"column":32}},"1":{"start":{"line":2,"column":0},"end":{"line":2,"column":41}},"2":{"start":{"line":3,"column":0},"end":{"line":3,"column":38}},"3":{"start":{"line":4,"column":0},"end":{"line":4,"column":35}}},"fnMap":{},"branchMap":{},"s":{"0":0,"1":0,"2":0,"3":0},"f":{},"b":{}}
,"/home/marcos/Documents/Projects/driven/projeto-drivenpass/src/services/authentication-service/errors.ts": {"path":"/home/marcos/Documents/Projects/driven/projeto-drivenpass/src/services/authentication-service/errors.ts","statementMap":{"0":{"start":{"line":4,"column":2},"end":{"line":7,"column":4}},"1":{"start":{"line":3,"column":0},"end":{"line":3,"column":16}}},"fnMap":{"0":{"name":"invalidCredentialsError","decl":{"start":{"line":3,"column":16},"end":{"line":3,"column":39}},"loc":{"start":{"line":3,"column":39},"end":{"line":8,"column":1}}}},"branchMap":{},"s":{"0":6,"1":7},"f":{"0":6},"b":{}}
,"/home/marcos/Documents/Projects/driven/projeto-drivenpass/src/services/authentication-service/index.ts": {"path":"/home/marcos/Documents/Projects/driven/projeto-drivenpass/src/services/authentication-service/index.ts","statementMap":{"0":{"start":{"line":2,"column":0},"end":{"line":2,"column":28}},"1":{"start":{"line":3,"column":0},"end":{"line":3,"column":31}},"2":{"start":{"line":4,"column":0},"end":{"line":4,"column":51}},"3":{"start":{"line":5,"column":0},"end":{"line":5,"column":47}},"4":{"start":{"line":6,"column":0},"end":{"line":6,"column":60}},"5":{"start":{"line":7,"column":0},"end":{"line":7,"column":66}},"6":{"start":{"line":10,"column":30},"end":{"line":10,"column":36}},"7":{"start":{"line":12,"column":15},"end":{"line":12,"column":41}},"8":{"start":{"line":14,"column":2},"end":{"line":14,"column":56}},"9":{"start":{"line":16,"column":16},"end":{"line":16,"column":44}},"10":{"start":{"line":18,"column":2},"end":{"line":21,"column":4}},"11":{"start":{"line":25,"column":15},"end":{"line":25,"column":97}},"12":{"start":{"line":26,"column":2},"end":{"line":26,"column":45}},"13":{"start":{"line":26,"column":13},"end":{"line":26,"column":45}},"14":{"start":{"line":28,"column":2},"end":{"line":28,"column":14}},"15":{"start":{"line":32,"column":16},"end":{"line":32,"column":60}},"16":{"start":{"line":33,"column":2},"end":{"line":36,"column":5}},"17":{"start":{"line":38,"column":2},"end":{"line":38,"column":15}},"18":{"start":{"line":42,"column":26},"end":{"line":42,"column":70}},"19":{"start":{"line":43,"column":2},"end":{"line":43,"column":56}},"20":{"start":{"line":43,"column":24},"end":{"line":43,"column":56}},"21":{"start":{"line":55,"column":30},"end":{"line":57,"column":2}},"22":{"start":{"line":59,"column":0},"end":{"line":59,"column":37}},"23":{"start":{"line":60,"column":0},"end":{"line":60,"column":25}}},"fnMap":{"0":{"name":"signIn","decl":{"start":{"line":9,"column":15},"end":{"line":9,"column":21}},"loc":{"start":{"line":9,"column":42},"end":{"line":22,"column":1}}},"1":{"name":"getUserOrFail","decl":{"start":{"line":24,"column":15},"end":{"line":24,"column":28}},"loc":{"start":{"line":24,"column":42},"end":{"line":29,"column":1}}},"2":{"name":"createSession","decl":{"start":{"line":31,"column":15},"end":{"line":31,"column":28}},"loc":{"start":{"line":31,"column":43},"end":{"line":39,"column":1}}},"3":{"name":"validatePasswordOrFail","decl":{"start":{"line":41,"column":15},"end":{"line":41,"column":37}},"loc":{"start":{"line":41,"column":76},"end":{"line":44,"column":1}}}},"branchMap":{"0":{"loc":{"start":{"line":26,"column":2},"end":{"line":26,"column":45}},"type":"if","locations":[{"start":{"line":26,"column":2},"end":{"line":26,"column":45}}]},"1":{"loc":{"start":{"line":43,"column":2},"end":{"line":43,"column":56}},"type":"if","locations":[{"start":{"line":43,"column":2},"end":{"line":43,"column":56}}]}},"s":{"0":7,"1":7,"2":7,"3":7,"4":7,"5":7,"6":9,"7":9,"8":7,"9":5,"10":5,"11":9,"12":9,"13":2,"14":7,"15":5,"16":5,"17":5,"18":7,"19":7,"20":2,"21":7,"22":7,"23":7},"f":{"0":9,"1":9,"2":5,"3":7},"b":{"0":[2],"1":[2]}}
,"/home/marcos/Documents/Projects/driven/projeto-drivenpass/src/services/credentials-service/index.ts": {"path":"/home/marcos/Documents/Projects/driven/projeto-drivenpass/src/services/credentials-service/index.ts","statementMap":{"0":{"start":{"line":2,"column":0},"end":{"line":2,"column":72}},"1":{"start":{"line":3,"column":0},"end":{"line":3,"column":50}},"2":{"start":{"line":4,"column":0},"end":{"line":4,"column":63}},"3":{"start":{"line":7,"column":22},"end":{"line":7,"column":71}},"4":{"start":{"line":8,"column":2},"end":{"line":10,"column":null}},"5":{"start":{"line":9,"column":4},"end":{"line":9,"column":26}},"6":{"start":{"line":12,"column":2},"end":{"line":12,"column":99}},"7":{"start":{"line":12,"column":35},"end":{"line":12,"column":96}},"8":{"start":{"line":13,"column":2},"end":{"line":13,"column":21}},"9":{"start":{"line":17,"column":21},"end":{"line":17,"column":70}},"10":{"start":{"line":18,"column":2},"end":{"line":20,"column":null}},"11":{"start":{"line":19,"column":4},"end":{"line":19,"column":26}},"12":{"start":{"line":22,"column":2},"end":{"line":22,"column":64}},"13":{"start":{"line":23,"column":2},"end":{"line":23,"column":20}},"14":{"start":{"line":33,"column":2},"end":{"line":33,"column":49}},"15":{"start":{"line":35,"column":25},"end":{"line":35,"column":53}},"16":{"start":{"line":36,"column":2},"end":{"line":42,"column":5}},"17":{"start":{"line":26,"column":0},"end":{"line":26,"column":7}},"18":{"start":{"line":46,"column":21},"end":{"line":46,"column":70}},"19":{"start":{"line":47,"column":2},"end":{"line":49,"column":null}},"20":{"start":{"line":48,"column":4},"end":{"line":48,"column":26}},"21":{"start":{"line":51,"column":2},"end":{"line":51,"column":51}},"22":{"start":{"line":55,"column":34},"end":{"line":55,"column":87}},"23":{"start":{"line":56,"column":2},"end":{"line":58,"column":null}},"24":{"start":{"line":57,"column":4},"end":{"line":57,"column":33}},"25":{"start":{"line":63,"column":26},"end":{"line":68,"column":2}},"26":{"start":{"line":70,"column":0},"end":{"line":70,"column":33}}},"fnMap":{"0":{"name":"listCredential","decl":{"start":{"line":6,"column":15},"end":{"line":6,"column":29}},"loc":{"start":{"line":6,"column":44},"end":{"line":14,"column":1}}},"1":{"name":"(anonymous_2)","decl":{"start":{"line":12,"column":18},"end":{"line":12,"column":19}},"loc":{"start":{"line":12,"column":35},"end":{"line":12,"column":96}}},"2":{"name":"showCredential","decl":{"start":{"line":16,"column":15},"end":{"line":16,"column":29}},"loc":{"start":{"line":16,"column":66},"end":{"line":24,"column":1}}},"3":{"name":"createCredential","decl":{"start":{"line":26,"column":22},"end":{"line":26,"column":38}},"loc":{"start":{"line":32,"column":25},"end":{"line":43,"column":1}}},"4":{"name":"destroyCredential","decl":{"start":{"line":45,"column":15},"end":{"line":45,"column":32}},"loc":{"start":{"line":45,"column":69},"end":{"line":52,"column":1}}},"5":{"name":"validateUniqueTitleOrFail","decl":{"start":{"line":54,"column":15},"end":{"line":54,"column":40}},"loc":{"start":{"line":54,"column":70},"end":{"line":59,"column":1}}}},"branchMap":{"0":{"loc":{"start":{"line":8,"column":2},"end":{"line":10,"column":null}},"type":"if","locations":[{"start":{"line":8,"column":2},"end":{"line":10,"column":null}}]},"1":{"loc":{"start":{"line":18,"column":2},"end":{"line":20,"column":null}},"type":"if","locations":[{"start":{"line":18,"column":2},"end":{"line":20,"column":null}}]},"2":{"loc":{"start":{"line":18,"column":6},"end":{"line":18,"column":49}},"type":"binary-expr","locations":[{"start":{"line":18,"column":6},"end":{"line":18,"column":17}},{"start":{"line":18,"column":21},"end":{"line":18,"column":49}}]},"3":{"loc":{"start":{"line":47,"column":2},"end":{"line":49,"column":null}},"type":"if","locations":[{"start":{"line":47,"column":2},"end":{"line":49,"column":null}}]},"4":{"loc":{"start":{"line":47,"column":6},"end":{"line":47,"column":49}},"type":"binary-expr","locations":[{"start":{"line":47,"column":6},"end":{"line":47,"column":17}},{"start":{"line":47,"column":21},"end":{"line":47,"column":49}}]},"5":{"loc":{"start":{"line":56,"column":2},"end":{"line":58,"column":null}},"type":"if","locations":[{"start":{"line":56,"column":2},"end":{"line":58,"column":null}}]}},"s":{"0":7,"1":7,"2":7,"3":3,"4":3,"5":2,"6":1,"7":2,"8":1,"9":2,"10":2,"11":1,"12":1,"13":1,"14":2,"15":1,"16":1,"17":7,"18":3,"19":3,"20":2,"21":1,"22":2,"23":2,"24":1,"25":7,"26":7},"f":{"0":3,"1":2,"2":2,"3":2,"4":3,"5":2},"b":{"0":[2],"1":[1],"2":[2,2],"3":[2],"4":[3,2],"5":[1]}}
,"/home/marcos/Documents/Projects/driven/projeto-drivenpass/src/services/networks-service/index.ts": {"path":"/home/marcos/Documents/Projects/driven/projeto-drivenpass/src/services/networks-service/index.ts","statementMap":{"0":{"start":{"line":2,"column":0},"end":{"line":2,"column":66}},"1":{"start":{"line":3,"column":0},"end":{"line":3,"column":50}},"2":{"start":{"line":4,"column":0},"end":{"line":4,"column":63}},"3":{"start":{"line":7,"column":19},"end":{"line":7,"column":62}},"4":{"start":{"line":8,"column":2},"end":{"line":10,"column":null}},"5":{"start":{"line":9,"column":4},"end":{"line":9,"column":26}},"6":{"start":{"line":12,"column":2},"end":{"line":12,"column":87}},"7":{"start":{"line":12,"column":29},"end":{"line":12,"column":84}},"8":{"start":{"line":13,"column":2},"end":{"line":13,"column":18}},"9":{"start":{"line":17,"column":18},"end":{"line":17,"column":61}},"10":{"start":{"line":18,"column":2},"end":{"line":20,"column":null}},"11":{"start":{"line":19,"column":4},"end":{"line":19,"column":26}},"12":{"start":{"line":22,"column":2},"end":{"line":22,"column":58}},"13":{"start":{"line":23,"column":2},"end":{"line":23,"column":17}},"14":{"start":{"line":27,"column":2},"end":{"line":27,"column":49}},"15":{"start":{"line":29,"column":25},"end":{"line":29,"column":53}},"16":{"start":{"line":30,"column":2},"end":{"line":35,"column":5}},"17":{"start":{"line":26,"column":0},"end":{"line":26,"column":7}},"18":{"start":{"line":39,"column":18},"end":{"line":39,"column":61}},"19":{"start":{"line":40,"column":2},"end":{"line":42,"column":null}},"20":{"start":{"line":41,"column":4},"end":{"line":41,"column":26}},"21":{"start":{"line":44,"column":2},"end":{"line":44,"column":45}},"22":{"start":{"line":48,"column":31},"end":{"line":48,"column":81}},"23":{"start":{"line":49,"column":2},"end":{"line":51,"column":null}},"24":{"start":{"line":50,"column":4},"end":{"line":50,"column":33}},"25":{"start":{"line":56,"column":23},"end":{"line":61,"column":2}},"26":{"start":{"line":63,"column":0},"end":{"line":63,"column":30}}},"fnMap":{"0":{"name":"listNetwork","decl":{"start":{"line":6,"column":15},"end":{"line":6,"column":26}},"loc":{"start":{"line":6,"column":41},"end":{"line":14,"column":1}}},"1":{"name":"(anonymous_2)","decl":{"start":{"line":12,"column":15},"end":{"line":12,"column":16}},"loc":{"start":{"line":12,"column":29},"end":{"line":12,"column":84}}},"2":{"name":"showNetwork","decl":{"start":{"line":16,"column":15},"end":{"line":16,"column":26}},"loc":{"start":{"line":16,"column":60},"end":{"line":24,"column":1}}},"3":{"name":"createNetwork","decl":{"start":{"line":26,"column":22},"end":{"line":26,"column":35}},"loc":{"start":{"line":26,"column":93},"end":{"line":36,"column":1}}},"4":{"name":"destroyNetwork","decl":{"start":{"line":38,"column":15},"end":{"line":38,"column":29}},"loc":{"start":{"line":38,"column":63},"end":{"line":45,"column":1}}},"5":{"name":"validateUniqueTitleOrFail","decl":{"start":{"line":47,"column":15},"end":{"line":47,"column":40}},"loc":{"start":{"line":47,"column":70},"end":{"line":52,"column":1}}}},"branchMap":{"0":{"loc":{"start":{"line":8,"column":2},"end":{"line":10,"column":null}},"type":"if","locations":[{"start":{"line":8,"column":2},"end":{"line":10,"column":null}}]},"1":{"loc":{"start":{"line":18,"column":2},"end":{"line":20,"column":null}},"type":"if","locations":[{"start":{"line":18,"column":2},"end":{"line":20,"column":null}}]},"2":{"loc":{"start":{"line":18,"column":6},"end":{"line":18,"column":43}},"type":"binary-expr","locations":[{"start":{"line":18,"column":6},"end":{"line":18,"column":14}},{"start":{"line":18,"column":18},"end":{"line":18,"column":43}}]},"3":{"loc":{"start":{"line":40,"column":2},"end":{"line":42,"column":null}},"type":"if","locations":[{"start":{"line":40,"column":2},"end":{"line":42,"column":null}}]},"4":{"loc":{"start":{"line":40,"column":6},"end":{"line":40,"column":43}},"type":"binary-expr","locations":[{"start":{"line":40,"column":6},"end":{"line":40,"column":14}},{"start":{"line":40,"column":18},"end":{"line":40,"column":43}}]},"5":{"loc":{"start":{"line":49,"column":2},"end":{"line":51,"column":null}},"type":"if","locations":[{"start":{"line":49,"column":2},"end":{"line":51,"column":null}}]}},"s":{"0":7,"1":7,"2":7,"3":3,"4":3,"5":2,"6":1,"7":2,"8":1,"9":2,"10":2,"11":1,"12":1,"13":1,"14":2,"15":1,"16":1,"17":7,"18":3,"19":3,"20":2,"21":1,"22":2,"23":2,"24":1,"25":7,"26":7},"f":{"0":3,"1":2,"2":2,"3":2,"4":3,"5":2},"b":{"0":[2],"1":[1],"2":[2,2],"3":[2],"4":[3,2],"5":[1]}}
,"/home/marcos/Documents/Projects/driven/projeto-drivenpass/src/services/users-service/errors.ts": {"path":"/home/marcos/Documents/Projects/driven/projeto-drivenpass/src/services/users-service/errors.ts","statementMap":{"0":{"start":{"line":4,"column":2},"end":{"line":7,"column":4}},"1":{"start":{"line":3,"column":0},"end":{"line":3,"column":16}}},"fnMap":{"0":{"name":"duplicatedEmailError","decl":{"start":{"line":3,"column":16},"end":{"line":3,"column":36}},"loc":{"start":{"line":3,"column":36},"end":{"line":8,"column":1}}}},"branchMap":{},"s":{"0":4,"1":7},"f":{"0":4},"b":{}}
,"/home/marcos/Documents/Projects/driven/projeto-drivenpass/src/services/users-service/index.ts": {"path":"/home/marcos/Documents/Projects/driven/projeto-drivenpass/src/services/users-service/index.ts","statementMap":{"0":{"start":{"line":2,"column":0},"end":{"line":2,"column":28}},"1":{"start":{"line":3,"column":0},"end":{"line":3,"column":48}},"2":{"start":{"line":4,"column":0},"end":{"line":4,"column":60}},"3":{"start":{"line":7,"column":2},"end":{"line":7,"column":41}},"4":{"start":{"line":9,"column":25},"end":{"line":9,"column":56}},"5":{"start":{"line":10,"column":2},"end":{"line":13,"column":5}},"6":{"start":{"line":6,"column":0},"end":{"line":6,"column":7}},"7":{"start":{"line":17,"column":28},"end":{"line":17,"column":67}},"8":{"start":{"line":18,"column":2},"end":{"line":20,"column":null}},"9":{"start":{"line":19,"column":4},"end":{"line":19,"column":33}},"10":{"start":{"line":25,"column":20},"end":{"line":27,"column":2}},"11":{"start":{"line":29,"column":0},"end":{"line":29,"column":25}},"12":{"start":{"line":30,"column":0},"end":{"line":30,"column":27}}},"fnMap":{"0":{"name":"createUser","decl":{"start":{"line":6,"column":22},"end":{"line":6,"column":32}},"loc":{"start":{"line":6,"column":70},"end":{"line":14,"column":1}}},"1":{"name":"validateUniqueEmailOrFail","decl":{"start":{"line":16,"column":15},"end":{"line":16,"column":40}},"loc":{"start":{"line":16,"column":54},"end":{"line":21,"column":1}}}},"branchMap":{"0":{"loc":{"start":{"line":18,"column":2},"end":{"line":20,"column":null}},"type":"if","locations":[{"start":{"line":18,"column":2},"end":{"line":20,"column":null}}]}},"s":{"0":7,"1":7,"2":7,"3":7,"4":5,"5":5,"6":7,"7":7,"8":7,"9":2,"10":7,"11":7,"12":7},"f":{"0":7,"1":7},"b":{"0":[2]}}
,"/home/marcos/Documents/Projects/driven/projeto-drivenpass/src/utils/cryptr-utils.ts": {"path":"/home/marcos/Documents/Projects/driven/projeto-drivenpass/src/utils/cryptr-utils.ts","statementMap":{"0":{"start":{"line":1,"column":0},"end":{"line":1,"column":28}},"1":{"start":{"line":3,"column":15},"end":{"line":3,"column":52}},"2":{"start":{"line":6,"column":2},"end":{"line":6,"column":34}},"3":{"start":{"line":10,"column":2},"end":{"line":10,"column":43}},"4":{"start":{"line":13,"column":13},"end":{"line":16,"column":2}}},"fnMap":{"0":{"name":"encrypt","decl":{"start":{"line":5,"column":9},"end":{"line":5,"column":16}},"loc":{"start":{"line":5,"column":33},"end":{"line":7,"column":1}}},"1":{"name":"decrypt","decl":{"start":{"line":9,"column":9},"end":{"line":9,"column":16}},"loc":{"start":{"line":9,"column":42},"end":{"line":11,"column":1}}}},"branchMap":{},"s":{"0":7,"1":7,"2":22,"3":12,"4":7},"f":{"0":22,"1":12},"b":{}}
,"/home/marcos/Documents/Projects/driven/projeto-drivenpass/src/utils/prisma-utils.ts": {"path":"/home/marcos/Documents/Projects/driven/projeto-drivenpass/src/utils/prisma-utils.ts","statementMap":{"0":{"start":{"line":2,"column":20},"end":{"line":2,"column":54}},"1":{"start":{"line":3,"column":2},"end":{"line":5,"column":null}},"2":{"start":{"line":4,"column":4},"end":{"line":4,"column":26}},"3":{"start":{"line":6,"column":2},"end":{"line":6,"column":19}},"4":{"start":{"line":1,"column":0},"end":{"line":1,"column":16}}},"fnMap":{"0":{"name":"exclude","decl":{"start":{"line":1,"column":16},"end":{"line":1,"column":23}},"loc":{"start":{"line":1,"column":73},"end":{"line":7,"column":1}}}},"branchMap":{},"s":{"0":5,"1":5,"2":5,"3":5,"4":7},"f":{"0":5},"b":{}}
,"/home/marcos/Documents/Projects/driven/projeto-drivenpass/src/utils/request.ts": {"path":"/home/marcos/Documents/Projects/driven/projeto-drivenpass/src/utils/request.ts","statementMap":{"0":{"start":{"line":1,"column":0},"end":{"line":1,"column":26}},"1":{"start":{"line":2,"column":0},"end":{"line":2,"column":40}},"2":{"start":{"line":5,"column":2},"end":{"line":12,"column":null}},"3":{"start":{"line":6,"column":19},"end":{"line":6,"column":39}},"4":{"start":{"line":7,"column":4},"end":{"line":7,"column":18}},"5":{"start":{"line":9,"column":35},"end":{"line":9,"column":49}},"6":{"start":{"line":11,"column":4},"end":{"line":11,"column":44}},"7":{"start":{"line":15,"column":13},"end":{"line":17,"column":2}}},"fnMap":{"0":{"name":"get","decl":{"start":{"line":4,"column":15},"end":{"line":4,"column":18}},"loc":{"start":{"line":4,"column":30},"end":{"line":13,"column":1}}}},"branchMap":{},"s":{"0":0,"1":0,"2":0,"3":0,"4":0,"5":0,"6":0,"7":0},"f":{"0":0},"b":{}}
}
