TN:
SF:src/app.ts
FN:17,(anonymous_1)
FN:24,init
FN:29,close
FNF:3
FNH:2
FNDA:1,(anonymous_1)
FNDA:7,init
FNDA:0,close
DA:1,7
DA:2,7
DA:3,7
DA:4,7
DA:6,7
DA:8,7
DA:10,7
DA:11,7
DA:13,7
DA:14,7
DA:17,1
DA:24,7
DA:25,7
DA:26,7
DA:29,7
DA:30,0
DA:33,7
LF:17
LH:16
BRF:0
BRH:0
end_of_record
TN:
SF:src/server.ts
FN:5,(anonymous_6)
FN:6,(anonymous_7)
FNF:2
FNH:0
FNDA:0,(anonymous_6)
FNDA:0,(anonymous_7)
DA:1,0
DA:3,0
DA:5,0
DA:6,0
DA:8,0
LF:5
LH:0
BRDA:3,0,0,0
BRDA:3,0,1,0
BRF:2
BRH:0
end_of_record
TN:
SF:src/config/database.ts
FN:4,connectDb
FN:8,disconnectDB
FNF:2
FNH:1
FNDA:7,connectDb
FNDA:0,disconnectDB
DA:1,9
DA:4,9
DA:5,7
DA:8,9
DA:9,0
LF:5
LH:4
BRF:0
BRH:0
end_of_record
TN:
SF:src/config/envs.ts
FN:4,loadEnv
FNF:1
FNH:1
FNDA:16,loadEnv
DA:1,9
DA:2,9
DA:4,9
DA:6,16
DA:12,16
DA:13,16
LF:6
LH:6
BRDA:6,0,0,16
BRDA:6,0,1,0
BRDA:8,1,0,0
BRDA:8,1,1,0
BRF:4
BRH:1
end_of_record
TN:
SF:src/config/index.ts
FNF:0
FNH:0
DA:1,9
DA:2,9
LF:2
LH:2
BRF:0
BRH:0
end_of_record
TN:
SF:src/controllers/authentication-controller.ts
FN:5,singInPost
FNF:1
FNH:1
FNDA:5,singInPost
DA:2,7
DA:3,7
DA:5,7
DA:6,5
DA:8,5
DA:9,5
DA:11,3
DA:13,2
LF:8
LH:8
BRF:0
BRH:0
end_of_record
TN:
SF:src/controllers/credentials-controller.ts
FN:6,credentialsList
FN:17,credentialsShow
FN:29,credentialsStore
FN:46,credentialsDestroy
FNF:4
FNH:4
FNDA:3,credentialsList
FNDA:2,credentialsShow
FNDA:2,credentialsStore
FNDA:3,credentialsDestroy
DA:2,7
DA:3,7
DA:6,7
DA:7,3
DA:9,3
DA:10,3
DA:11,1
DA:13,2
DA:17,7
DA:18,2
DA:19,2
DA:21,2
DA:22,2
DA:23,1
DA:25,1
DA:29,7
DA:30,2
DA:31,2
DA:33,2
DA:34,2
DA:35,1
DA:39,1
DA:40,1
DA:42,0
DA:46,7
DA:47,3
DA:48,3
DA:50,3
DA:51,3
DA:52,1
DA:54,2
LF:31
LH:30
BRDA:39,0,0,1
BRF:1
BRH:1
end_of_record
TN:
SF:src/controllers/index.ts
FNF:0
FNH:0
DA:1,7
DA:2,7
DA:3,7
DA:4,7
LF:4
LH:4
BRF:0
BRH:0
end_of_record
TN:
SF:src/controllers/networks-controller.ts
FN:6,networksList
FN:17,networksShow
FN:29,networksStore
FN:46,networksDestroy
FNF:4
FNH:4
FNDA:3,networksList
FNDA:2,networksShow
FNDA:2,networksStore
FNDA:3,networksDestroy
DA:2,7
DA:3,7
DA:6,7
DA:7,3
DA:9,3
DA:10,3
DA:11,1
DA:13,2
DA:17,7
DA:18,2
DA:19,2
DA:21,2
DA:22,2
DA:23,1
DA:25,1
DA:29,7
DA:30,2
DA:31,2
DA:33,2
DA:34,2
DA:35,1
DA:39,1
DA:40,1
DA:42,0
DA:46,7
DA:47,3
DA:48,3
DA:50,3
DA:51,3
DA:52,1
DA:54,2
LF:31
LH:30
BRDA:39,0,0,1
BRF:1
BRH:1
end_of_record
TN:
SF:src/controllers/users-controller.ts
FN:5,usersPost
FNF:1
FNH:1
FNDA:4,usersPost
DA:2,7
DA:3,7
DA:5,7
DA:6,4
DA:8,4
DA:9,4
DA:10,3
DA:15,1
DA:16,1
DA:18,0
LF:10
LH:9
BRDA:15,0,0,1
BRF:1
BRH:1
end_of_record
TN:
SF:src/errors/conflict-error.ts
FN:3,conflictError
FNF:1
FNH:0
FNDA:0,conflictError
DA:3,7
DA:4,0
LF:2
LH:1
BRF:0
BRH:0
end_of_record
TN:
SF:src/errors/duplicated-title-error.ts
FN:3,DuplicatedTitleError
FNF:1
FNH:1
FNDA:2,DuplicatedTitleError
DA:3,7
DA:4,2
LF:2
LH:2
BRF:0
BRH:0
end_of_record
TN:
SF:src/errors/forbidden-error.ts
FN:3,forbiddenError
FNF:1
FNH:0
FNDA:0,forbiddenError
DA:3,0
DA:4,0
LF:2
LH:0
BRF:0
BRH:0
end_of_record
TN:
SF:src/errors/index.ts
FNF:0
FNH:0
DA:1,7
DA:2,7
DA:3,7
DA:4,7
DA:5,7
DA:6,7
DA:7,7
LF:7
LH:7
BRF:0
BRH:0
end_of_record
TN:
SF:src/errors/invalid-data-error.ts
FN:3,invalidDataError
FNF:1
FNH:1
FNDA:5,invalidDataError
DA:3,7
DA:4,5
LF:2
LH:2
BRF:0
BRH:0
end_of_record
TN:
SF:src/errors/invalid-email-error.ts
FN:3,invalidEmailError
FNF:1
FNH:0
FNDA:0,invalidEmailError
DA:3,7
DA:4,0
LF:2
LH:1
BRF:0
BRH:0
end_of_record
TN:
SF:src/errors/not-found-error.ts
FN:3,notFoundError
FNF:1
FNH:1
FNDA:10,notFoundError
DA:3,7
DA:4,10
LF:2
LH:2
BRF:0
BRH:0
end_of_record
TN:
SF:src/errors/request-error.ts
FN:3,requestError
FNF:1
FNH:0
FNDA:0,requestError
DA:3,7
DA:4,0
LF:2
LH:1
BRF:0
BRH:0
end_of_record
TN:
SF:src/errors/unauthorized-error.ts
FN:3,unauthorizedError
FNF:1
FNH:1
FNDA:24,unauthorizedError
DA:3,7
DA:4,24
LF:2
LH:2
BRF:0
BRH:0
end_of_record
TN:
SF:src/middlewares/authentication-middleware.ts
FN:8,authenticateToken
FN:33,generateUnauthorizedResponse
FNF:2
FNH:2
FNDA:44,authenticateToken
FNDA:24,generateUnauthorizedResponse
DA:2,7
DA:3,7
DA:5,7
DA:6,7
DA:8,7
DA:9,44
DA:10,44
DA:12,36
DA:13,36
DA:15,36
DA:16,36
DA:18,28
DA:23,28
DA:25,20
DA:27,20
DA:29,8
DA:34,24
LF:17
LH:17
BRDA:10,0,0,8
BRDA:13,1,0,0
BRDA:23,2,0,8
BRF:3
BRH:2
end_of_record
TN:
SF:src/middlewares/error-handling-middleware.ts
FN:5,handleApplicationErrors
FNF:1
FNH:1
FNDA:10,handleApplicationErrors
DA:2,7
DA:5,7
DA:11,10
DA:12,0
DA:17,10
DA:18,0
DA:23,10
DA:24,0
DA:29,10
DA:30,0
DA:35,10
DA:36,0
DA:41,10
DA:42,10
DA:47,0
DA:48,0
DA:54,0
DA:55,0
LF:18
LH:9
BRDA:11,0,0,0
BRDA:17,1,0,0
BRDA:17,2,0,10
BRDA:17,2,1,10
BRDA:17,2,2,10
BRDA:23,3,0,0
BRDA:29,4,0,0
BRDA:35,5,0,0
BRDA:41,6,0,10
BRDA:47,7,0,0
BRF:10
BRH:4
end_of_record
TN:
SF:src/middlewares/index.ts
FNF:0
FNH:0
DA:1,7
DA:2,7
DA:3,7
LF:3
LH:3
BRF:0
BRH:0
end_of_record
TN:
SF:src/middlewares/validation-middleware.ts
FN:6,validateBody
FN:10,validateParams
FN:14,validate
FN:15,(anonymous_4)
FN:23,(anonymous_5)
FNF:5
FNH:4
FNDA:28,validateBody
FNDA:0,validateParams
FNDA:28,validate
FNDA:18,(anonymous_4)
FNDA:11,(anonymous_5)
DA:2,7
DA:4,7
DA:6,7
DA:7,28
DA:10,7
DA:11,0
DA:15,28
DA:16,18
DA:20,18
DA:21,13
DA:23,11
LF:11
LH:10
BRDA:20,0,0,13
BRDA:20,0,1,5
BRF:2
BRH:2
end_of_record
TN:
SF:src/repositories/credential-repository/index.ts
FN:4,findById
FN:18,findByTitle
FN:27,listCredential
FN:35,create
FN:41,destroy
FNF:5
FNH:5
FNDA:5,findById
FNDA:2,findByTitle
FNDA:3,listCredential
FNDA:1,create
FNDA:1,destroy
DA:2,7
DA:5,5
DA:11,5
DA:12,0
DA:15,5
DA:19,2
DA:28,3
DA:36,1
DA:42,1
DA:49,7
DA:57,7
LF:11
LH:10
BRDA:11,0,0,0
BRF:1
BRH:0
end_of_record
TN:
SF:src/repositories/network-repository/index.ts
FN:4,findById
FN:18,findByTitle
FN:27,listNetwork
FN:35,create
FN:41,destroy
FNF:5
FNH:5
FNDA:5,findById
FNDA:2,findByTitle
FNDA:3,listNetwork
FNDA:1,create
FNDA:1,destroy
DA:2,7
DA:5,5
DA:11,5
DA:12,0
DA:15,5
DA:19,2
DA:28,3
DA:36,1
DA:42,1
DA:49,7
DA:57,7
LF:11
LH:10
BRDA:11,0,0,0
BRF:1
BRH:0
end_of_record
TN:
SF:src/repositories/session-repository/index.ts
FN:4,create
FNF:1
FNH:1
FNDA:5,create
DA:2,7
DA:5,5
DA:10,7
DA:14,7
LF:4
LH:4
BRF:0
BRH:0
end_of_record
TN:
SF:src/repositories/user-repository/index.ts
FN:4,findByEmail
FN:18,create
FNF:2
FNH:2
FNDA:16,findByEmail
FNDA:5,create
DA:2,7
DA:5,16
DA:11,16
DA:12,9
DA:15,16
DA:19,5
DA:24,7
DA:29,7
LF:8
LH:8
BRDA:11,0,0,9
BRF:1
BRH:1
end_of_record
TN:
SF:src/routers/authentication-router.ts
FNF:0
FNH:0
DA:1,7
DA:2,7
DA:3,7
DA:4,7
DA:6,7
DA:8,7
DA:10,7
LF:7
LH:7
BRF:0
BRH:0
end_of_record
TN:
SF:src/routers/credentials-router.ts
FNF:0
FNH:0
DA:1,7
DA:3,7
DA:4,7
DA:5,7
DA:7,7
DA:9,7
DA:10,7
DA:11,7
DA:12,7
DA:13,7
DA:15,7
LF:11
LH:11
BRF:0
BRH:0
end_of_record
TN:
SF:src/routers/index.ts
FNF:0
FNH:0
DA:1,7
DA:2,7
DA:3,7
DA:4,7
LF:4
LH:4
BRF:0
BRH:0
end_of_record
TN:
SF:src/routers/networks-router.ts
FNF:0
FNH:0
DA:1,7
DA:3,7
DA:4,7
DA:5,7
DA:7,7
DA:9,7
DA:10,7
DA:11,7
DA:12,7
DA:13,7
DA:15,7
LF:11
LH:11
BRF:0
BRH:0
end_of_record
TN:
SF:src/routers/users-router.ts
FNF:0
FNH:0
DA:1,7
DA:3,7
DA:4,7
DA:5,7
DA:7,7
DA:9,7
DA:11,7
LF:7
LH:7
BRF:0
BRH:0
end_of_record
TN:
SF:src/schemas/authentication-schemas.ts
FNF:0
FNH:0
DA:1,9
DA:4,9
LF:2
LH:2
BRF:0
BRH:0
end_of_record
TN:
SF:src/schemas/credentials-schemas.ts
FNF:0
FNH:0
DA:1,9
DA:4,9
LF:2
LH:2
BRF:0
BRH:0
end_of_record
TN:
SF:src/schemas/index.ts
FNF:0
FNH:0
DA:1,9
DA:2,9
DA:3,9
DA:4,9
LF:4
LH:4
BRF:0
BRH:0
end_of_record
TN:
SF:src/schemas/networks-schemas.ts
FNF:0
FNH:0
DA:1,9
DA:4,9
LF:2
LH:2
BRF:0
BRH:0
end_of_record
TN:
SF:src/schemas/users-schemas.ts
FNF:0
FNH:0
DA:1,9
DA:4,9
LF:2
LH:2
BRF:0
BRH:0
end_of_record
TN:
SF:src/services/index.ts
FNF:0
FNH:0
DA:1,0
DA:2,0
DA:3,0
DA:4,0
LF:4
LH:0
BRF:0
BRH:0
end_of_record
TN:
SF:src/services/authentication-service/errors.ts
FN:3,invalidCredentialsError
FNF:1
FNH:1
FNDA:6,invalidCredentialsError
DA:3,7
DA:4,6
LF:2
LH:2
BRF:0
BRH:0
end_of_record
TN:
SF:src/services/authentication-service/index.ts
FN:9,signIn
FN:24,getUserOrFail
FN:31,createSession
FN:41,validatePasswordOrFail
FNF:4
FNH:4
FNDA:9,signIn
FNDA:9,getUserOrFail
FNDA:5,createSession
FNDA:7,validatePasswordOrFail
DA:2,7
DA:3,7
DA:4,7
DA:5,7
DA:6,7
DA:7,7
DA:10,9
DA:12,9
DA:14,7
DA:16,5
DA:18,5
DA:25,9
DA:26,9
DA:28,7
DA:32,5
DA:33,5
DA:38,5
DA:42,7
DA:43,7
DA:55,7
DA:59,7
DA:60,7
LF:22
LH:22
BRDA:26,0,0,2
BRDA:43,1,0,2
BRF:2
BRH:2
end_of_record
TN:
SF:src/services/credentials-service/index.ts
FN:6,listCredential
FN:12,(anonymous_2)
FN:16,showCredential
FN:26,createCredential
FN:45,destroyCredential
FN:54,validateUniqueTitleOrFail
FNF:6
FNH:6
FNDA:3,listCredential
FNDA:2,(anonymous_2)
FNDA:2,showCredential
FNDA:2,createCredential
FNDA:3,destroyCredential
FNDA:2,validateUniqueTitleOrFail
DA:2,7
DA:3,7
DA:4,7
DA:7,3
DA:8,3
DA:9,2
DA:12,2
DA:13,1
DA:17,2
DA:18,2
DA:19,1
DA:22,1
DA:23,1
DA:26,7
DA:33,2
DA:35,1
DA:36,1
DA:46,3
DA:47,3
DA:48,2
DA:51,1
DA:55,2
DA:56,2
DA:57,1
DA:63,7
DA:70,7
LF:26
LH:26
BRDA:8,0,0,2
BRDA:18,1,0,1
BRDA:18,2,0,2
BRDA:18,2,1,2
BRDA:47,3,0,2
BRDA:47,4,0,3
BRDA:47,4,1,2
BRDA:56,5,0,1
BRF:8
BRH:8
end_of_record
TN:
SF:src/services/networks-service/index.ts
FN:6,listNetwork
FN:12,(anonymous_2)
FN:16,showNetwork
FN:26,createNetwork
FN:38,destroyNetwork
FN:47,validateUniqueTitleOrFail
FNF:6
FNH:6
FNDA:3,listNetwork
FNDA:2,(anonymous_2)
FNDA:2,showNetwork
FNDA:2,createNetwork
FNDA:3,destroyNetwork
FNDA:2,validateUniqueTitleOrFail
DA:2,7
DA:3,7
DA:4,7
DA:7,3
DA:8,3
DA:9,2
DA:12,2
DA:13,1
DA:17,2
DA:18,2
DA:19,1
DA:22,1
DA:23,1
DA:26,7
DA:27,2
DA:29,1
DA:30,1
DA:39,3
DA:40,3
DA:41,2
DA:44,1
DA:48,2
DA:49,2
DA:50,1
DA:56,7
DA:63,7
LF:26
LH:26
BRDA:8,0,0,2
BRDA:18,1,0,1
BRDA:18,2,0,2
BRDA:18,2,1,2
BRDA:40,3,0,2
BRDA:40,4,0,3
BRDA:40,4,1,2
BRDA:49,5,0,1
BRF:8
BRH:8
end_of_record
TN:
SF:src/services/users-service/errors.ts
FN:3,duplicatedEmailError
FNF:1
FNH:1
FNDA:4,duplicatedEmailError
DA:3,7
DA:4,4
LF:2
LH:2
BRF:0
BRH:0
end_of_record
TN:
SF:src/services/users-service/index.ts
FN:6,createUser
FN:16,validateUniqueEmailOrFail
FNF:2
FNH:2
FNDA:7,createUser
FNDA:7,validateUniqueEmailOrFail
DA:2,7
DA:3,7
DA:4,7
DA:6,7
DA:7,7
DA:9,5
DA:10,5
DA:17,7
DA:18,7
DA:19,2
DA:25,7
DA:29,7
DA:30,7
LF:13
LH:13
BRDA:18,0,0,2
BRF:1
BRH:1
end_of_record
TN:
SF:src/utils/cryptr-utils.ts
FN:5,encrypt
FN:9,decrypt
FNF:2
FNH:2
FNDA:22,encrypt
FNDA:12,decrypt
DA:1,7
DA:3,7
DA:6,22
DA:10,12
DA:13,7
LF:5
LH:5
BRF:0
BRH:0
end_of_record
TN:
SF:src/utils/prisma-utils.ts
FN:1,exclude
FNF:1
FNH:1
FNDA:5,exclude
DA:1,7
DA:2,5
DA:3,5
DA:4,5
DA:6,5
LF:5
LH:5
BRF:0
BRH:0
end_of_record
TN:
SF:src/utils/request.ts
FN:4,get
FNF:1
FNH:0
FNDA:0,get
DA:1,0
DA:2,0
DA:5,0
DA:6,0
DA:7,0
DA:9,0
DA:11,0
DA:15,0
LF:8
LH:0
BRF:0
BRH:0
end_of_record
